2024-11-30 11:21:36 - Starting data collection for WADU_USDT
2024-11-30 11:21:37 - 
Orderbook at 2024-11-30 11:21:37.159000

Bids (Buy Orders):
Price		Quantity
------------------------------
0.00058340	1875915.94000000
0.00058330	5783.43000000
0.00058101	17211.40000000
0.00057041	6225.53000000
0.00055301	5479.07000000
0.00054836	8289.82000000
0.00049146	12123.01000000
0.00048104	10681.45000000
0.00043792	7683.45000000
0.00043350	10527.35000000

Asks (Sell Orders):
Price		Quantity
------------------------------
0.00066000	94969.69000000
0.00070000	2440069.99000000
0.00070008	463048.28000000
0.00071092	455481.29000000
0.00072000	797946.44000000
0.00072657	445237.59000000
0.00077144	416707.54000000
0.00077836	7349.23000000
0.00078323	5881.22000000
0.00081942	7107.54000000
2024-11-30 11:21:37 - Ticker data: {
  "code": 0,
  "result": {
    "lastPrice": "0.00063906",
    "highPrice": "0.00077144",
    "lowPrice": "0.00012874",
    "volume": "176915477.31",
    "buy": "0.0005834",
    "sell": "0.00066",
    "priceChange": "-13.3",
    "priceChangePercent": "-13.3"
  }
}
2024-11-30 11:21:38 - 
Recent Trades:
Time			Price		Quantity	Side	Total Value
--------------------------------------------------------------------------------
1970-01-01 08:00:00	0.00063906	0.00000000	Buy	0.00000000
1970-01-01 08:00:00	0.00063968	0.00000000	Buy	0.00000000
1970-01-01 08:00:00	0.00064031	0.00000000	Buy	0.00000000
1970-01-01 08:00:00	0.00064125	0.00000000	Buy	0.00000000
1970-01-01 08:00:00	0.00064031	0.00000000	Buy	0.00000000
1970-01-01 08:00:00	0.00064093	0.00000000	Buy	0.00000000
1970-01-01 08:00:00	0.00063937	0.00000000	Buy	0.00000000
1970-01-01 08:00:00	0.00063937	0.00000000	Buy	0.00000000
1970-01-01 08:00:00	0.00063750	0.00000000	Buy	0.00000000
1970-01-01 08:00:00	0.00063750	0.00000000	Buy	0.00000000
1970-01-01 08:00:00	0.00063843	0.00000000	Buy	0.00000000
1970-01-01 08:00:00	0.00063781	0.00000000	Buy	0.00000000
1970-01-01 08:00:00	0.00063781	0.00000000	Buy	0.00000000
1970-01-01 08:00:00	0.00063843	0.00000000	Buy	0.00000000
1970-01-01 08:00:00	0.00063781	0.00000000	Buy	0.00000000
1970-01-01 08:00:00	0.00063875	0.00000000	Buy	0.00000000
1970-01-01 08:00:00	0.00063875	0.00000000	Buy	0.00000000
1970-01-01 08:00:00	0.00063750	0.00000000	Buy	0.00000000
1970-01-01 08:00:00	0.00063781	0.00000000	Buy	0.00000000
1970-01-01 08:00:00	0.00063781	0.00000000	Buy	0.00000000
1970-01-01 08:00:00	0.00063843	0.00000000	Buy	0.00000000
1970-01-01 08:00:00	0.00063812	0.00000000	Buy	0.00000000
1970-01-01 08:00:00	0.00063687	0.00000000	Buy	0.00000000
1970-01-01 08:00:00	0.00063687	0.00000000	Buy	0.00000000
1970-01-01 08:00:00	0.00063625	0.00000000	Buy	0.00000000
1970-01-01 08:00:00	0.00063625	0.00000000	Buy	0.00000000
1970-01-01 08:00:00	0.00063687	0.00000000	Buy	0.00000000
1970-01-01 08:00:00	0.00063718	0.00000000	Buy	0.00000000
1970-01-01 08:00:00	0.00063718	0.00000000	Buy	0.00000000
1970-01-01 08:00:00	0.00063593	0.00000000	Buy	0.00000000
1970-01-01 08:00:00	0.00063437	0.00000000	Buy	0.00000000
1970-01-01 08:00:00	0.00063375	0.00000000	Buy	0.00000000
1970-01-01 08:00:00	0.00063562	0.00000000	Buy	0.00000000
1970-01-01 08:00:00	0.00063375	0.00000000	Buy	0.00000000
1970-01-01 08:00:00	0.00063437	0.00000000	Buy	0.00000000
1970-01-01 08:00:00	0.00063499	0.00000000	Buy	0.00000000
1970-01-01 08:00:00	0.00063499	0.00000000	Buy	0.00000000
1970-01-01 08:00:00	0.00063687	0.00000000	Buy	0.00000000
1970-01-01 08:00:00	0.00063625	0.00000000	Buy	0.00000000
1970-01-01 08:00:00	0.00063750	0.00000000	Buy	0.00000000
1970-01-01 08:00:00	0.00063687	0.00000000	Buy	0.00000000
1970-01-01 08:00:00	0.00063843	0.00000000	Buy	0.00000000
1970-01-01 08:00:00	0.00063875	0.00000000	Buy	0.00000000
1970-01-01 08:00:00	0.00063750	0.00000000	Buy	0.00000000
1970-01-01 08:00:00	0.00063687	0.00000000	Buy	0.00000000
1970-01-01 08:00:00	0.00063562	0.00000000	Buy	0.00000000
1970-01-01 08:00:00	0.00063531	0.00000000	Buy	0.00000000
1970-01-01 08:00:00	0.00063562	0.00000000	Buy	0.00000000
1970-01-01 08:00:00	0.00063468	0.00000000	Buy	0.00000000
1970-01-01 08:00:00	0.00063437	0.00000000	Buy	0.00000000
2024-11-30 11:21:38 - Market info: {
  "symbol": "WADU_USDT",
  "status": "trading",
  "baseAsset": "WADU",
  "quoteAsset": "USDT",
  "baseAssetPrecision": 2,
  "quoteAssetPrecision": 8,
  "filters": [
    {
      "filterType": "PRICE_FILTER",
      "minPrice": "0",
      "maxPrice": "0"
    },
    {
      "filterType": "LOT_SIZE",
      "minQty": "0",
      "maxQty": "0"
    }
  ]
}
2024-11-30 11:26:14 - Starting data collection for WADU_USDT
2024-11-30 11:26:15 - 
Orderbook at 2024-11-30 11:26:15.323000

Bids (Buy Orders):
Price		Quantity
------------------------------
0.00058340	1875915.94000000
0.00058330	5783.43000000
0.00058101	17211.40000000
0.00057041	6225.53000000
0.00055301	5479.07000000
0.00054836	8289.82000000
0.00049146	12123.01000000
0.00048104	10681.45000000
0.00043792	7683.45000000
0.00043350	10527.35000000
0.00035003	90000.00000000
0.00035000	2535482.26000000
0.00033406	149673.71000000
0.00033000	890466.96000000
0.00032345	1664776.62000000
0.00032000	46875.00000000
0.00012874	69863.19000000
0.00012764	82392.93000000
0.00012645	138302.70000000
0.00012542	89333.15000000

Asks (Sell Orders):
Price		Quantity
------------------------------
0.00066000	94969.69000000
0.00070000	2440069.99000000
0.00070008	463048.28000000
0.00071092	455481.29000000
0.00072000	797946.44000000
0.00072657	445237.59000000
0.00077144	416707.54000000
0.00077836	7349.23000000
0.00078323	5881.22000000
0.00081942	7107.54000000
0.00090000	74429.39000000
0.00095000	625009.87000000
0.00095680	1876923.08000000
0.00095812	216525.37000000
0.00099859	3520.83000000
0.00101000	11194.55000000
0.00101879	16313.21000000
0.00102394	3848.64000000
0.00102647	12895.41000000
0.00103610	20715.88000000
2024-11-30 11:26:16 - Ticker data: {
  "code": 0,
  "result": {
    "lastPrice": "0.00063812",
    "highPrice": "0.00077144",
    "lowPrice": "0.00012874",
    "volume": "176821599.1",
    "buy": "0.0005834",
    "sell": "0.00066",
    "priceChange": "-13.38",
    "priceChangePercent": "-13.38"
  }
}
2024-11-30 11:26:16 - 
Recent Trades:
Time			Price		Quantity	Side	Total Value
--------------------------------------------------------------------------------
1970-01-01 08:00:00	0.00063812	0.00000000	Buy	0.00000000
1970-01-01 08:00:00	0.00063937	0.00000000	Buy	0.00000000
1970-01-01 08:00:00	0.00063937	0.00000000	Buy	0.00000000
1970-01-01 08:00:00	0.00063906	0.00000000	Buy	0.00000000
1970-01-01 08:00:00	0.00063968	0.00000000	Buy	0.00000000
1970-01-01 08:00:00	0.00064031	0.00000000	Buy	0.00000000
1970-01-01 08:00:00	0.00064125	0.00000000	Buy	0.00000000
1970-01-01 08:00:00	0.00064031	0.00000000	Buy	0.00000000
1970-01-01 08:00:00	0.00064093	0.00000000	Buy	0.00000000
1970-01-01 08:00:00	0.00063937	0.00000000	Buy	0.00000000
1970-01-01 08:00:00	0.00063937	0.00000000	Buy	0.00000000
1970-01-01 08:00:00	0.00063750	0.00000000	Buy	0.00000000
1970-01-01 08:00:00	0.00063750	0.00000000	Buy	0.00000000
1970-01-01 08:00:00	0.00063843	0.00000000	Buy	0.00000000
1970-01-01 08:00:00	0.00063781	0.00000000	Buy	0.00000000
1970-01-01 08:00:00	0.00063781	0.00000000	Buy	0.00000000
1970-01-01 08:00:00	0.00063843	0.00000000	Buy	0.00000000
1970-01-01 08:00:00	0.00063781	0.00000000	Buy	0.00000000
1970-01-01 08:00:00	0.00063875	0.00000000	Buy	0.00000000
1970-01-01 08:00:00	0.00063875	0.00000000	Buy	0.00000000
1970-01-01 08:00:00	0.00063750	0.00000000	Buy	0.00000000
1970-01-01 08:00:00	0.00063781	0.00000000	Buy	0.00000000
1970-01-01 08:00:00	0.00063781	0.00000000	Buy	0.00000000
1970-01-01 08:00:00	0.00063843	0.00000000	Buy	0.00000000
1970-01-01 08:00:00	0.00063812	0.00000000	Buy	0.00000000
1970-01-01 08:00:00	0.00063687	0.00000000	Buy	0.00000000
1970-01-01 08:00:00	0.00063687	0.00000000	Buy	0.00000000
1970-01-01 08:00:00	0.00063625	0.00000000	Buy	0.00000000
1970-01-01 08:00:00	0.00063625	0.00000000	Buy	0.00000000
1970-01-01 08:00:00	0.00063687	0.00000000	Buy	0.00000000
1970-01-01 08:00:00	0.00063718	0.00000000	Buy	0.00000000
1970-01-01 08:00:00	0.00063718	0.00000000	Buy	0.00000000
1970-01-01 08:00:00	0.00063593	0.00000000	Buy	0.00000000
1970-01-01 08:00:00	0.00063437	0.00000000	Buy	0.00000000
1970-01-01 08:00:00	0.00063375	0.00000000	Buy	0.00000000
1970-01-01 08:00:00	0.00063562	0.00000000	Buy	0.00000000
1970-01-01 08:00:00	0.00063375	0.00000000	Buy	0.00000000
1970-01-01 08:00:00	0.00063437	0.00000000	Buy	0.00000000
1970-01-01 08:00:00	0.00063499	0.00000000	Buy	0.00000000
1970-01-01 08:00:00	0.00063499	0.00000000	Buy	0.00000000
1970-01-01 08:00:00	0.00063687	0.00000000	Buy	0.00000000
1970-01-01 08:00:00	0.00063625	0.00000000	Buy	0.00000000
1970-01-01 08:00:00	0.00063750	0.00000000	Buy	0.00000000
1970-01-01 08:00:00	0.00063687	0.00000000	Buy	0.00000000
1970-01-01 08:00:00	0.00063843	0.00000000	Buy	0.00000000
1970-01-01 08:00:00	0.00063875	0.00000000	Buy	0.00000000
1970-01-01 08:00:00	0.00063750	0.00000000	Buy	0.00000000
1970-01-01 08:00:00	0.00063687	0.00000000	Buy	0.00000000
1970-01-01 08:00:00	0.00063562	0.00000000	Buy	0.00000000
1970-01-01 08:00:00	0.00063531	0.00000000	Buy	0.00000000
2024-11-30 11:26:17 - Market info: {
  "symbol": "WADU_USDT",
  "status": "trading",
  "baseAsset": "WADU",
  "quoteAsset": "USDT",
  "baseAssetPrecision": 2,
  "quoteAssetPrecision": 8,
  "filters": [
    {
      "filterType": "PRICE_FILTER",
      "minPrice": "0",
      "maxPrice": "0"
    },
    {
      "filterType": "LOT_SIZE",
      "minQty": "0",
      "maxQty": "0"
    }
  ]
}
2024-11-30 11:33:45 - Starting data collection for WADU_USDT
2024-11-30 11:33:45 - 
Orderbook at 2024-11-30 11:33:45.759000

Bids (Buy Orders):
Price		Quantity
------------------------------
0.00058340	1875915.94000000
0.00058330	5783.43000000
0.00058101	17211.40000000
0.00057041	6225.53000000
0.00055301	5479.07000000
0.00054836	8289.82000000
0.00049146	12123.01000000
0.00048104	10681.45000000
0.00043792	7683.45000000
0.00043350	10527.35000000
0.00035003	90000.00000000
0.00035000	2535482.26000000
0.00033406	149673.71000000
0.00033000	890466.96000000
0.00032345	1664776.62000000
0.00032000	46875.00000000
0.00012874	69863.19000000
0.00012764	82392.93000000
0.00012645	138302.70000000
0.00012542	89333.15000000

Asks (Sell Orders):
Price		Quantity
------------------------------
0.00066000	94969.69000000
0.00070000	2440069.99000000
0.00070008	463048.28000000
0.00071092	455481.29000000
0.00072000	797946.44000000
0.00072657	445237.59000000
0.00077144	416707.54000000
0.00077836	7349.23000000
0.00078323	5881.22000000
0.00081942	7107.54000000
0.00090000	74429.39000000
0.00095000	625009.87000000
0.00095680	1876923.08000000
0.00095812	216525.37000000
0.00099859	3520.83000000
0.00101000	11194.55000000
0.00101879	16313.21000000
0.00102394	3848.64000000
0.00102647	12895.41000000
0.00103610	20715.88000000
2024-11-30 11:33:46 - Ticker data: {
  "code": 0,
  "result": {
    "lastPrice": "0.00063843",
    "highPrice": "0.00077144",
    "lowPrice": "0.00012874",
    "volume": "177264979.42",
    "buy": "0.0005834",
    "sell": "0.00066",
    "priceChange": "-13.94",
    "priceChangePercent": "-13.94"
  }
}
2024-11-30 11:33:46 - 
Recent Trades:
Amount		Price		Side		Time
--------------------------------------------------------------------------------
172146.39		0.00063843		buy		2024-11-30 11:33:33
157211.2		0.00064031		buy		2024-11-30 11:32:32
149659.69		0.00063812		sell		2024-11-30 11:31:00
136378.9		0.00063781		buy		2024-11-30 11:29:53
131810.3		0.00063656		buy		2024-11-30 11:28:50
113666.15		0.00063718		buy		2024-11-30 11:27:54
124986.59		0.00063781		sell		2024-11-30 11:26:22
119703.42		0.00063812		sell		2024-11-30 11:25:28
111519		0.00063937		sell		2024-11-30 11:24:05
119036.75		0.00063937		buy		2024-11-30 11:22:52
119221.74		0.00063906		buy		2024-11-30 11:21:29
114376.79		0.00063968		buy		2024-11-30 11:20:40
119157.1		0.00064031		buy		2024-11-30 11:19:30
124982.27		0.00064125		sell		2024-11-30 11:18:34
121069.25		0.00064031		buy		2024-11-30 11:17:00
120324.87		0.00064093		sell		2024-11-30 11:15:54
118728.65		0.00063937		buy		2024-11-30 11:14:36
130278.17		0.00063937		sell		2024-11-30 11:13:46
131859.66		0.0006375		buy		2024-11-30 11:12:41
125709.8		0.0006375		buy		2024-11-30 11:11:40
119355.45		0.00063843		buy		2024-11-30 11:10:50
120868.19		0.00063781		sell		2024-11-30 11:09:41
118809		0.00063781		sell		2024-11-30 11:08:39
114898.64		0.00063843		buy		2024-11-30 11:07:36
111320.8		0.00063781		buy		2024-11-30 11:06:34
105360.15		0.00063875		sell		2024-11-30 11:05:39
109205.97		0.00063875		sell		2024-11-30 11:04:31
109795.05		0.0006375		sell		2024-11-30 11:02:54
99890.79		0.00063781		sell		2024-11-30 11:01:58
93129.64		0.00063781		sell		2024-11-30 11:01:05
92485.28		0.00063843		sell		2024-11-30 11:00:08
130976.72		0.00063812		buy		2024-11-30 10:59:48
139394.32		0.00063687		buy		2024-11-30 10:58:43
128101.19		0.00063687		sell		2024-11-30 10:57:33
117767.78		0.00063625		sell		2024-11-30 10:56:41
112860.25		0.00063625		sell		2024-11-30 10:55:09
109155.34		0.00063687		sell		2024-11-30 10:54:18
106358.95		0.00063718		buy		2024-11-30 10:53:25
109750.08		0.00063718		sell		2024-11-30 10:51:55
104124.39		0.00063593		sell		2024-11-30 10:50:22
109919.7		0.00063437		buy		2024-11-30 10:49:18
121837.84		0.00063375		sell		2024-11-30 10:47:43
122501.1		0.00063562		buy		2024-11-30 10:46:46
126126.83		0.00063375		sell		2024-11-30 10:45:32
119176.86		0.00063437		sell		2024-11-30 10:44:13
112717.63		0.00063499		sell		2024-11-30 10:43:02
116099.39		0.00063499		sell		2024-11-30 10:42:02
112129.51		0.00063687		buy		2024-11-30 10:40:36
102145.81		0.00063625		buy		2024-11-30 10:39:28
102970.94		0.0006375		buy		2024-11-30 10:38:39
2024-11-30 11:33:47 - Market info: {
  "symbol": "WADU_USDT",
  "status": "trading",
  "baseAsset": "WADU",
  "quoteAsset": "USDT",
  "baseAssetPrecision": 2,
  "quoteAssetPrecision": 8,
  "filters": [
    {
      "filterType": "PRICE_FILTER",
      "minPrice": "0",
      "maxPrice": "0"
    },
    {
      "filterType": "LOT_SIZE",
      "minQty": "0",
      "maxQty": "0"
    }
  ]
}
